Server running on port 3001
Connected to MongoDB Atlas (db: SaludPlus)
File type detection - originalName: test.csv isCSV: true
Detected CSV format, parsing...
CSV records: 1
Extracted - Patients: 1 Doctors: 1 Insurances: 1 Appointments: 1
Processing 1 patients...
Inserted patient: test@mail.com
Upserted patient history: test@mail.com
Processing 1 doctors...
Inserted doctor: test.doc@mail.com
Processing 1 insurances...
Inserted insurance: TestIns
Processing 1 appointments...
Inserted appointment: APT-TEST
Updated patient history for appointment: APT-TEST
File type detection - originalName: migration_data.xlsx isCSV: false
Detected Excel format, parsing...
Importing sheets: [ 'patients', 'doctors', 'insurances', 'appointments' ]
Processing 10 patients...
Inserted patient: valeria.g@mail.com
Upserted patient history: valeria.g@mail.com
Inserted patient: ana.torres@mail.com
Upserted patient history: ana.torres@mail.com
Inserted patient: daniel.c@mail.com
Upserted patient history: daniel.c@mail.com
Inserted patient: laura.m@mail.com
Upserted patient history: laura.m@mail.com
Inserted patient: camila.r@mail.com
Upserted patient history: camila.r@mail.com
Inserted patient: mateo.d@mail.com
Upserted patient history: mateo.d@mail.com
Inserted patient: paula.h@mail.com
Upserted patient history: paula.h@mail.com
Inserted patient: santiago.v@mail.com
Upserted patient history: santiago.v@mail.com
Inserted patient: luis.m@mail.com
Upserted patient history: luis.m@mail.com
Inserted patient: jorge.r@mail.com
Upserted patient history: jorge.r@mail.com
Processing 5 doctors...
Inserted doctor: c.ruiz@saludplus.com
Inserted doctor: n.perez@saludplus.com
Inserted doctor: m.lopez@saludplus.com
Inserted doctor: f.torres@saludplus.com
Inserted doctor: a.silva@saludplus.com
Processing 4 insurances...
Inserted insurance: ProteccionMedica
Inserted insurance: SaludTotal
Inserted insurance: SinSeguro
Inserted insurance: VidaPlus
Processing 100 appointments...
Updated patient history for appointment: APT-1001
Updated patient history for appointment: APT-1002
Updated patient history for appointment: APT-1003
Updated patient history for appointment: APT-1004
Updated patient history for appointment: APT-1005
Updated patient history for appointment: APT-1006
Updated patient history for appointment: APT-1007
Updated patient history for appointment: APT-1008
Updated patient history for appointment: APT-1009
Updated patient history for appointment: APT-1010
Updated patient history for appointment: APT-1011
Updated patient history for appointment: APT-1012
Updated patient history for appointment: APT-1013
Updated patient history for appointment: APT-1014
Updated patient history for appointment: APT-1015
Updated patient history for appointment: APT-1016
Updated patient history for appointment: APT-1017
Updated patient history for appointment: APT-1018
Updated patient history for appointment: APT-1019
Updated patient history for appointment: APT-1020
Updated patient history for appointment: APT-1021
Updated patient history for appointment: APT-1022
Updated patient history for appointment: APT-1023
Updated patient history for appointment: APT-1024
Updated patient history for appointment: APT-1025
Updated patient history for appointment: APT-1026
Updated patient history for appointment: APT-1027
Updated patient history for appointment: APT-1028
Updated patient history for appointment: APT-1029
Updated patient history for appointment: APT-1030
Error inserting appointment APT-1031 : Duplicate entry 'daniel.c@mail.com-Dr. Felipe Torres-2024-03-09-54000.00' for key 'appointments.ux_appointments_dedupe'
Error: Duplicate entry 'daniel.c@mail.com-Dr. Felipe Torres-2024-03-09-54000.00' for key 'appointments.ux_appointments_dedupe'
    at PromisePool.query (/home/coders/Documentos/SaludPLus/node_modules/mysql2/lib/promise/pool.js:36:22)
    at exports.importExcel (/home/coders/Documentos/SaludPLus/migration/migrate_service.js:190:20)
    at process.processTicksAndRejections (node:internal/process/task_queues:103:5)
    at async exports.importData (/home/coders/Documentos/SaludPLus/migration/migrate_controller.js:7:5) {
  code: 'ER_DUP_ENTRY',
  errno: 1062,
  sql: 'INSERT INTO appointments (appointment_id,appointment_date,patient_email,doctor_name,insurance_id,treatment_code,treatment_description,treatment_cost,amount_paid)\n' +
    "           VALUES ('APT-1031','2024-03-09','daniel.c@mail.com','Dr. Felipe Torres',NULL,'TRT-002','Specialist Consultation',180000,54000.000000000015)",
  sqlState: '23000',
  sqlMessage: "Duplicate entry 'daniel.c@mail.com-Dr. Felipe Torres-2024-03-09-54000.00' for key 'appointments.ux_appointments_dedupe'"
}
